# JRE version: OpenJDK Runtime Environment Temurin-25.0.2+10 (25.0.2+10) (build 25.0.2+10-LTS)
# Java VM: OpenJDK 64-Bit Server VM Temurin-25.0.2+10 (25.0.2+10-LTS, mixed mode, sharing, tiered, compressed oops, compressed class ptrs, g1 gc, windows-amd64)
GC Precious Log:
 CardTable entry size: 512
 Card Set container configuration: InlinePtr #cards 5 size 8 Array Of Cards #cards 10 size 36 Howl #buckets 4 coarsen threshold 1843 Howl Bitmap #cards 512 size 80 coarsen threshold 460 Card regions per heap region 1 cards per card region 2048
 CPUs: 4 total, 4 available
 Memory: 3977M
 Large Page Support: Disabled
 NUMA Support: Disabled
 Compressed Oops: Enabled (32-bit)
 Heap Region Size: 1M
 Heap Min Capacity: 8M
 Heap Initial Capacity: 64M
 Heap Max Capacity: 996M
 Pre-touch: Disabled
 Parallel Workers: 4
 Concurrent Workers: 1
 Concurrent Refinement Workers: 4
 Periodic GC: Disabled
Heap:
 garbage-first heap   total reserved 1019904K, committed 165888K, used 87581K [0x00000000c1c00000, 0x0000000100000000)
  region size 1024K, 17 young (17408K), 5 survivors (5120K)
GC Heap Usage History (20 events):
Event: 46.936 {heap Before GC invocations=17 (full 0):
 garbage-first heap   total reserved 1019904K, committed 138240K, used 118272K [0x00000000c1c00000, 0x0000000100000000)
  region size 1024K, 54 young (55296K), 4 survivors (4096K)
}
Event: 46.953 {heap After GC invocations=18 (full 0):
 garbage-first heap   total reserved 1019904K, committed 138240K, used 68502K [0x00000000c1c00000, 0x0000000100000000)
  region size 1024K, 5 young (5120K), 5 survivors (5120K)
}
Event: 48.219 {heap Before GC invocations=19 (full 0):
 garbage-first heap   total reserved 1019904K, committed 138240K, used 118678K [0x00000000c1c00000, 0x0000000100000000)
  region size 1024K, 56 young (57344K), 5 survivors (5120K)
}
Event: 48.243 {heap After GC invocations=20 (full 0):
 garbage-first heap   total reserved 1019904K, committed 138240K, used 68876K [0x00000000c1c00000, 0x0000000100000000)
  region size 1024K, 5 young (5120K), 5 survivors (5120K)
}
Event: 48.971 {heap Before GC invocations=20 (full 0):
 garbage-first heap   total reserved 1019904K, committed 138240K, used 122124K [0x00000000c1c00000, 0x0000000100000000)
  region size 1024K, 57 young (58368K), 5 survivors (5120K)
}
Event: 48.988 {heap After GC invocations=21 (full 0):
 garbage-first heap   total reserved 1019904K, committed 138240K, used 69737K [0x00000000c1c00000, 0x0000000100000000)
  region size 1024K, 7 young (7168K), 7 survivors (7168K)
}
Event: 49.531 {heap Before GC invocations=21 (full 0):
 garbage-first heap   total reserved 1019904K, committed 138240K, used 124009K [0x00000000c1c00000, 0x0000000100000000)
  region size 1024K, 60 young (61440K), 7 survivors (7168K)
}
Event: 49.553 {heap After GC invocations=22 (full 0):
 garbage-first heap   total reserved 1019904K, committed 138240K, used 72341K [0x00000000c1c00000, 0x0000000100000000)
  region size 1024K, 6 young (6144K), 6 survivors (6144K)
}
Event: 50.253 {heap Before GC invocations=23 (full 0):
 garbage-first heap   total reserved 1019904K, committed 138240K, used 125589K [0x00000000c1c00000, 0x0000000100000000)
  region size 1024K, 57 young (58368K), 6 survivors (6144K)
}
Event: 50.273 {heap After GC invocations=24 (full 0):
 garbage-first heap   total reserved 1019904K, committed 138240K, used 75479K [0x00000000c1c00000, 0x0000000100000000)
  region size 1024K, 5 young (5120K), 5 survivors (5120K)
}
Event: 50.662 {heap Before GC invocations=24 (full 0):
 garbage-first heap   total reserved 1019904K, committed 138240K, used 127703K [0x00000000c1c00000, 0x0000000100000000)
  region size 1024K, 56 young (57344K), 5 survivors (5120K)
}
Event: 50.679 {heap After GC invocations=25 (full 0):
 garbage-first heap   total reserved 1019904K, committed 165888K, used 75439K [0x00000000c1c00000, 0x0000000100000000)
  region size 1024K, 3 young (3072K), 3 survivors (3072K)
}
Event: 51.681 {heap Before GC invocations=25 (full 0):
 garbage-first heap   total reserved 1019904K, committed 165888K, used 152239K [0x00000000c1c00000, 0x0000000100000000)
  region size 1024K, 78 young (79872K), 3 survivors (3072K)
}
Event: 51.691 {heap After GC invocations=26 (full 0):
 garbage-first heap   total reserved 1019904K, committed 165888K, used 75340K [0x00000000c1c00000, 0x0000000100000000)
  region size 1024K, 3 young (3072K), 3 survivors (3072K)
}
Event: 52.701 {heap Before GC invocations=27 (full 0):
 garbage-first heap   total reserved 1019904K, committed 165888K, used 154188K [0x00000000c1c00000, 0x0000000100000000)
  region size 1024K, 80 young (81920K), 3 survivors (3072K)
}
Event: 52.716 {heap After GC invocations=28 (full 0):
 garbage-first heap   total reserved 1019904K, committed 165888K, used 76727K [0x00000000c1c00000, 0x0000000100000000)
  region size 1024K, 5 young (5120K), 5 survivors (5120K)
}
Event: 53.396 {heap Before GC invocations=28 (full 0):
 garbage-first heap   total reserved 1019904K, committed 165888K, used 154551K [0x00000000c1c00000, 0x0000000100000000)
  region size 1024K, 81 young (82944K), 5 survivors (5120K)
}
Event: 53.418 {heap After GC invocations=29 (full 0):
 garbage-first heap   total reserved 1019904K, committed 165888K, used 76752K [0x00000000c1c00000, 0x0000000100000000)
  region size 1024K, 5 young (5120K), 5 survivors (5120K)
}
Event: 54.415 {heap Before GC invocations=29 (full 0):
 garbage-first heap   total reserved 1019904K, committed 165888K, used 155600K [0x00000000c1c00000, 0x0000000100000000)
  region size 1024K, 82 young (83968K), 5 survivors (5120K)
}
Event: 54.431 {heap After GC invocations=30 (full 0):
 garbage-first heap   total reserved 1019904K, committed 165888K, used 76317K [0x00000000c1c00000, 0x0000000100000000)
  region size 1024K, 5 young (5120K), 5 survivors (5120K)
}

